#
# A fatal error has been detected by the Java Runtime Environment:
#
#  EXCEPTION_ACCESS_VIOLATION (0xc0000005) at pc=0x00007ff861d4b1ac, pid=78300, tid=42928
#
# JRE version: Java(TM) SE Runtime Environment (14.0.2+12) (build 14.0.2+12-46)
# Java VM: Java HotSpot(TM) 64-Bit Server VM (14.0.2+12-46, mixed mode, sharing, tiered, compressed oops, g1 gc, windows-amd64)
# Problematic frame:
# C  [ig7icd64.dll+0x30b1ac]
#
# No core dump will be written. Minidumps are not enabled by default on client versions of Windows
#
# If you would like to submit a bug report, please visit:
#   https://bugreport.java.com/bugreport/crash.jsp
# The crash happened outside the Java Virtual Machine in native code.
# See problematic frame for where to report the bug.
#

---------------  S U M M A R Y ------------

Command Line: -Djava.library.path=D:\LWJGL293\lwjgl-2.9.3\native\windows -Dfile.encoding=Cp1252 me.pale.main.VoxelGame

Host: Intel(R) Core(TM) i5-3210M CPU @ 2.50GHz, 4 cores, 15G,  Windows 10 , 64 bit Build 19041 (10.0.19041.1151)
Time: Wed Sep 15 17:04:02 2021 Eastern Daylight Time elapsed time: 0 seconds (0d 0h 0m 0s)

---------------  T H R E A D  ---------------

Current thread (0x000001c3e773a000):  JavaThread "main" [_thread_in_native, id=42928, stack(0x000000bf81500000,0x000000bf81600000)]

Stack: [0x000000bf81500000,0x000000bf81600000],  sp=0x000000bf815f9bf0,  free space=998k
Native frames: (J=compiled Java code, j=interpreted, Vv=VM code, C=native code)
C  [ig7icd64.dll+0x30b1ac]

Java frames: (J=compiled Java code, j=interpreted, Vv=VM code)
j  org.lwjgl.opengl.GL20.nglLinkProgram(IJ)V+0
j  org.lwjgl.opengl.GL20.glLinkProgram(I)V+15
j  me.pale.render.Shader.<init>(Ljava/lang/String;Ljava/lang/String;)V+377
j  me.pale.render.ShaderList.<clinit>()V+8
v  ~StubRoutines::call_stub
j  me.pale.voxel.GrassVoxel.draw()Lme/pale/voxel/BaseVoxel;+28
j  me.pale.voxel.Chunk.draw()V+33
j  me.pale.render.RenderManager.initialize()V+68
j  me.pale.utils.WindowManager.update()V+24
j  me.pale.utils.WindowManager.makeWindow()V+98
j  me.pale.main.VoxelGame.main([Ljava/lang/String;)V+3
v  ~StubRoutines::call_stub

siginfo: EXCEPTION_ACCESS_VIOLATION (0xc0000005), reading address 0x0000000000000004


Register to memory mapping:

RIP=0x00007ff861d4b1ac ig7icd64.dll
RAX=0x0 is NULL
RBX=0x000000bf815fc610 is pointing into the stack for thread: 0x000001c3e773a000
RCX=0x0 is NULL
RDX=0x0 is NULL
RSP=0x000000bf815f9bf0 is pointing into the stack for thread: 0x000001c3e773a000
RBP=0x000000bf815f9cf0 is pointing into the stack for thread: 0x000001c3e773a000
RSI=0x000001c38f9038f0 points into unknown readable memory: 98 d8 fc 61 f8 7f 00 00
RDI=0x000000bf815fc560 is pointing into the stack for thread: 0x000001c3e773a000
R8 =0x0000000000000020 is an unknown value
R9 =0x00007ff861d419b0 ig7icd64.dll
R10=0x00000000000080c6 is an unknown value
R11=0x000000bf815f94f8 is pointing into the stack for thread: 0x000001c3e773a000
R12=0x0 is NULL
R13=0x0000000000000001 is an unknown value
R14=0x000000bf815fa3b0 is pointing into the stack for thread: 0x000001c3e773a000
R15=0x000001c38fbd6760 points into unknown readable memory: c8 d7 fc 61 f8 7f 00 00


Registers:
RAX=0x0000000000000000, RBX=0x000000bf815fc610, RCX=0x0000000000000000, RDX=0x0000000000000000
RSP=0x000000bf815f9bf0, RBP=0x000000bf815f9cf0, RSI=0x000001c38f9038f0, RDI=0x000000bf815fc560
R8 =0x0000000000000020, R9 =0x00007ff861d419b0, R10=0x00000000000080c6, R11=0x000000bf815f94f8
R12=0x0000000000000000, R13=0x0000000000000001, R14=0x000000bf815fa3b0, R15=0x000001c38fbd6760
RIP=0x00007ff861d4b1ac, EFLAGS=0x0000000000010246

Top of Stack: (sp=0x000000bf815f9bf0)
0x000000bf815f9bf0:   000001c38fbd6760 000000bf815faec0
0x000000bf815f9c00:   000001c370000002 000000bf00000001
0x000000bf815f9c10:   00007ff861d418b0 000001c3e773a000
0x000000bf815f9c20:   0000000000001405 0000000100000001
0x000000bf815f9c30:   ffffffff00000000 0000000000000000
0x000000bf815f9c40:   000000bfffffffff 0000000000000001
0x000000bf815f9c50:   0000000000000001 0000000100000001
0x000000bf815f9c60:   0000ff0000000001 00007ff835bbe447
0x000000bf815f9c70:   fffffffffffffffe 00007ff861fcd550
0x000000bf815f9c80:   000000bf70000003 000001c38f9038f0
0x000000bf815f9c90:   00007ff861f81f30 0000000000001405
0x000000bf815f9ca0:   0000000100000001 ffffffff00000000
0x000000bf815f9cb0:   0000000000000000 00000000ffffffff
0x000000bf815f9cc0:   0000000000000001 0000000000000001
0x000000bf815f9cd0:   0000000100000001 0000ff0000000001
0x000000bf815f9ce0:   000000bf815f0007 000000bf815fb0a8 

Instructions: (pc=0x00007ff861d4b1ac)
0x00007ff861d4b0ac:   8d 8d 88 23 00 00 e8 59 69 ff ff 41 bd 01 00 00
0x00007ff861d4b0bc:   00 45 8b cd 45 8b c5 48 8d 95 e0 1c 00 00 49 8b
0x00007ff861d4b0cc:   cf e8 6e b7 ff ff 8b 03 c7 45 64 05 14 00 00 89
0x00007ff861d4b0dc:   45 68 89 45 6c 89 45 70 89 45 74 4c 8d 85 50 01
0x00007ff861d4b0ec:   00 00 48 8d 55 00 49 8b 4f 38 e8 35 fa ff ff 48
0x00007ff861d4b0fc:   8d 8d d0 11 00 00 e8 59 39 ff ff 90 c7 85 d0 11
0x00007ff861d4b10c:   00 00 5f 00 00 00 48 8d 95 58 03 00 00 48 8d 8d
0x00007ff861d4b11c:   d8 11 00 00 e8 eb 69 ff ff 48 8d 95 60 05 00 00
0x00007ff861d4b12c:   48 8d 8d 18 17 00 00 e8 d8 68 ff ff 48 8d 95 b0
0x00007ff861d4b13c:   02 00 00 48 8d 8d 28 13 00 00 e8 c5 69 ff ff 48
0x00007ff861d4b14c:   8d 95 b0 04 00 00 48 8d 8d 78 18 00 00 e8 b2 68
0x00007ff861d4b15c:   ff ff 48 8d 55 00 48 8d 8d d0 13 00 00 e8 a2 69
0x00007ff861d4b16c:   ff ff 48 8d 95 50 01 00 00 48 8d 8d 28 19 00 00
0x00007ff861d4b17c:   e8 8f 68 ff ff 45 8b cd 45 8d 45 01 48 8d 95 d0
0x00007ff861d4b18c:   11 00 00 49 8b cf e8 a9 b6 ff ff 48 8b 85 48 28
0x00007ff861d4b19c:   00 00 8b 50 68 85 d2 75 2c 48 8b 87 00 01 00 00
0x00007ff861d4b1ac:   8b 50 04 2b 10 8b 87 c4 00 00 00 41 3b c5 76 15
0x00007ff861d4b1bc:   80 bf f8 00 00 00 00 74 05 0f af d0 eb 07 0f af
0x00007ff861d4b1cc:   97 c0 00 00 00 32 db 0f bc ca 74 0b 41 8b c5 d3
0x00007ff861d4b1dc:   e0 3b c2 75 04 8b d1 b3 01 c7 85 0c 01 00 00 04
0x00007ff861d4b1ec:   14 00 00 89 95 10 01 00 00 89 95 14 01 00 00 89
0x00007ff861d4b1fc:   95 18 01 00 00 89 95 1c 01 00 00 4c 8d 85 00 02
0x00007ff861d4b20c:   00 00 48 8d 95 a8 00 00 00 49 8b 4f 38 e8 12 f9
0x00007ff861d4b21c:   ff ff 48 8d 8d c0 06 00 00 e8 36 38 ff ff 90 84
0x00007ff861d4b22c:   db 74 07 bb db 00 00 00 eb 2f bb 60 00 00 00 44
0x00007ff861d4b23c:   8d 6b a2 48 8d 95 00 04 00 00 48 8d 8d 70 07 00
0x00007ff861d4b24c:   00 e8 be 68 ff ff 48 8d 95 10 06 00 00 48 8d 8d
0x00007ff861d4b25c:   b8 0c 00 00 e8 ab 67 ff ff 89 9d c0 06 00 00 48
0x00007ff861d4b26c:   8b 95 38 28 00 00 48 8d 8d c8 06 00 00 e8 92 68
0x00007ff861d4b27c:   ff ff 48 8b d7 48 8d 8d 08 0c 00 00 e8 83 67 ff
0x00007ff861d4b28c:   ff 48 8d 95 58 03 00 00 48 8d 8d 18 08 00 00 e8
0x00007ff861d4b29c:   70 68 ff ff 48 8d 95 60 05 00 00 48 8d 8d 68 0d 


Stack slot to memory mapping:
stack at sp + 0 slots: 0x000001c38fbd6760 points into unknown readable memory: c8 d7 fc 61 f8 7f 00 00
stack at sp + 1 slots: 0x000000bf815faec0 is pointing into the stack for thread: 0x000001c3e773a000
stack at sp + 2 slots: 0x000001c370000002 is an unknown value
stack at sp + 3 slots: 0x000000bf00000001 is an unknown value
stack at sp + 4 slots: 0x00007ff861d418b0 ig7icd64.dll
stack at sp + 5 slots: 0x000001c3e773a000 is a thread
stack at sp + 6 slots: 0x0000000000001405 is an unknown value
stack at sp + 7 slots: 0x0000000100000001 is an unknown value


---------------  P R O C E S S  ---------------

Threads class SMR info:
_java_thread_list=0x000001c38fa2b6b0, length=13, elements={
0x000001c3e773a000, 0x000001c3fdaf8800, 0x000001c3fdaf9800, 0x000001c3fdb18800,
0x000001c3fdb1a000, 0x000001c3fdb1c000, 0x000001c3fe3ba800, 0x000001c3fdb1d000,
0x000001c3fdb2b000, 0x000001c3fe50d800, 0x000001c3fe51a800, 0x000001c38f880800,
0x000001c38f902800
}

Java Threads: ( => current thread )
=>0x000001c3e773a000 JavaThread "main" [_thread_in_native, id=42928, stack(0x000000bf81500000,0x000000bf81600000)]
  0x000001c3fdaf8800 JavaThread "Reference Handler" daemon [_thread_blocked, id=60296, stack(0x000000bf81c00000,0x000000bf81d00000)]
  0x000001c3fdaf9800 JavaThread "Finalizer" daemon [_thread_blocked, id=65648, stack(0x000000bf81d00000,0x000000bf81e00000)]
  0x000001c3fdb18800 JavaThread "Signal Dispatcher" daemon [_thread_blocked, id=68760, stack(0x000000bf81e00000,0x000000bf81f00000)]
  0x000001c3fdb1a000 JavaThread "Attach Listener" daemon [_thread_blocked, id=63740, stack(0x000000bf81f00000,0x000000bf82000000)]
  0x000001c3fdb1c000 JavaThread "Service Thread" daemon [_thread_blocked, id=52992, stack(0x000000bf82000000,0x000000bf82100000)]
  0x000001c3fe3ba800 JavaThread "C2 CompilerThread0" daemon [_thread_blocked, id=37020, stack(0x000000bf82100000,0x000000bf82200000)]
  0x000001c3fdb1d000 JavaThread "C1 CompilerThread0" daemon [_thread_blocked, id=72456, stack(0x000000bf82200000,0x000000bf82300000)]
  0x000001c3fdb2b000 JavaThread "Sweeper thread" daemon [_thread_blocked, id=79596, stack(0x000000bf82300000,0x000000bf82400000)]
  0x000001c3fe50d800 JavaThread "Notification Thread" daemon [_thread_blocked, id=46984, stack(0x000000bf82400000,0x000000bf82500000)]
  0x000001c3fe51a800 JavaThread "Common-Cleaner" daemon [_thread_blocked, id=61684, stack(0x000000bf82600000,0x000000bf82700000)]
  0x000001c38f880800 JavaThread "Java2D Disposer" daemon [_thread_blocked, id=22772, stack(0x000000bf82c00000,0x000000bf82d00000)]
  0x000001c38f902800 JavaThread "C2 CompilerThread1" daemon [_thread_blocked, id=78884, stack(0x000000bf82d00000,0x000000bf82e00000)]

Other Threads:
  0x000001c3fdaf7800 VMThread "VM Thread" [stack: 0x000000bf81b00000,0x000000bf81c00000] [id=24008]
  0x000001c3fe516000 WatcherThread [stack: 0x000000bf82500000,0x000000bf82600000] [id=62432]
  0x000001c3e77a2000 GCTaskThread "GC Thread#0" [stack: 0x000000bf81600000,0x000000bf81700000] [id=80224]
  0x000001c3e77c4000 ConcurrentGCThread "G1 Main Marker" [stack: 0x000000bf81700000,0x000000bf81800000] [id=80484]
  0x000001c3e77c7000 ConcurrentGCThread "G1 Conc#0" [stack: 0x000000bf81800000,0x000000bf81900000] [id=79360]
  0x000001c3fd9e7000 ConcurrentGCThread "G1 Refine#0" [stack: 0x000000bf81900000,0x000000bf81a00000] [id=71008]
  0x000001c3fd9e8000 ConcurrentGCThread "G1 Young RemSet Sampling" [stack: 0x000000bf81a00000,0x000000bf81b00000] [id=74332]

Threads with active compile tasks:

VM state:not at safepoint (normal execution)

VM Mutex/Monitor currently owned by a thread: None

Heap address: 0x0000000701600000, size: 4074 MB, Compressed Oops mode: Zero based, Oop shift amount: 3
Narrow klass base: 0x0000000800000000, Narrow klass shift: 3
Compressed class space size: 1073741824 Address: 0x0000000800b30000

Heap:
 garbage-first heap   total 262144K, used 6144K [0x0000000701600000, 0x0000000800000000)
  region size 1024K, 8 young (8192K), 0 survivors (0K)
 Metaspace       used 5894K, capacity 6079K, committed 6272K, reserved 1056768K
  class space    used 517K, capacity 600K, committed 640K, reserved 1048576K
Heap Regions: E=young(eden), S=young(survivor), O=old, HS=humongous(starts), HC=humongous(continues), CS=collection set, F=free, OA=open archive, CA=closed archive, TAMS=top-at-mark-start (previous, next)
|   0|0x0000000701600000, 0x0000000701600000, 0x0000000701700000|  0%| F|  |TAMS 0x0000000701600000, 0x0000000701600000| Untracked 
|   1|0x0000000701700000, 0x0000000701700000, 0x0000000701800000|  0%| F|  |TAMS 0x0000000701700000, 0x0000000701700000| Untracked 
|   2|0x0000000701800000, 0x0000000701800000, 0x0000000701900000|  0%| F|  |TAMS 0x0000000701800000, 0x0000000701800000| Untracked 
|   3|0x0000000701900000, 0x0000000701900000, 0x0000000701a00000|  0%| F|  |TAMS 0x0000000701900000, 0x0000000701900000| Untracked 
|   4|0x0000000701a00000, 0x0000000701a00000, 0x0000000701b00000|  0%| F|  |TAMS 0x0000000701a00000, 0x0000000701a00000| Untracked 
|   5|0x0000000701b00000, 0x0000000701b00000, 0x0000000701c00000|  0%| F|  |TAMS 0x0000000701b00000, 0x0000000701b00000| Untracked 
|   6|0x0000000701c00000, 0x0000000701c00000, 0x0000000701d00000|  0%| F|  |TAMS 0x0000000701c00000, 0x0000000701c00000| Untracked 
|   7|0x0000000701d00000, 0x0000000701d00000, 0x0000000701e00000|  0%| F|  |TAMS 0x0000000701d00000, 0x0000000701d00000| Untracked 
|   8|0x0000000701e00000, 0x0000000701e00000, 0x0000000701f00000|  0%| F|  |TAMS 0x0000000701e00000, 0x0000000701e00000| Untracked 
|   9|0x0000000701f00000, 0x0000000701f00000, 0x0000000702000000|  0%| F|  |TAMS 0x0000000701f00000, 0x0000000701f00000| Untracked 
|  10|0x0000000702000000, 0x0000000702000000, 0x0000000702100000|  0%| F|  |TAMS 0x0000000702000000, 0x0000000702000000| Untracked 
|  11|0x0000000702100000, 0x0000000702100000, 0x0000000702200000|  0%| F|  |TAMS 0x0000000702100000, 0x0000000702100000| Untracked 
|  12|0x0000000702200000, 0x0000000702200000, 0x0000000702300000|  0%| F|  |TAMS 0x0000000702200000, 0x0000000702200000| Untracked 
|  13|0x0000000702300000, 0x0000000702300000, 0x0000000702400000|  0%| F|  |TAMS 0x0000000702300000, 0x0000000702300000| Untracked 
|  14|0x0000000702400000, 0x0000000702400000, 0x0000000702500000|  0%| F|  |TAMS 0x0000000702400000, 0x0000000702400000| Untracked 
|  15|0x0000000702500000, 0x0000000702500000, 0x0000000702600000|  0%| F|  |TAMS 0x0000000702500000, 0x0000000702500000| Untracked 
|  16|0x0000000702600000, 0x0000000702600000, 0x0000000702700000|  0%| F|  |TAMS 0x0000000702600000, 0x0000000702600000| Untracked 
|  17|0x0000000702700000, 0x0000000702700000, 0x0000000702800000|  0%| F|  |TAMS 0x0000000702700000, 0x0000000702700000| Untracked 
|  18|0x0000000702800000, 0x0000000702800000, 0x0000000702900000|  0%| F|  |TAMS 0x0000000702800000, 0x0000000702800000| Untracked 
|  19|0x0000000702900000, 0x0000000702900000, 0x0000000702a00000|  0%| F|  |TAMS 0x0000000702900000, 0x0000000702900000| Untracked 
|  20|0x0000000702a00000, 0x0000000702a00000, 0x0000000702b00000|  0%| F|  |TAMS 0x0000000702a00000, 0x0000000702a00000| Untracked 
|  21|0x0000000702b00000, 0x0000000702b00000, 0x0000000702c00000|  0%| F|  |TAMS 0x0000000702b00000, 0x0000000702b00000| Untracked 
|  22|0x0000000702c00000, 0x0000000702c00000, 0x0000000702d00000|  0%| F|  |TAMS 0x0000000702c00000, 0x0000000702c00000| Untracked 
|  23|0x0000000702d00000, 0x0000000702d00000, 0x0000000702e00000|  0%| F|  |TAMS 0x0000000702d00000, 0x0000000702d00000| Untracked 
|  24|0x0000000702e00000, 0x0000000702e00000, 0x0000000702f00000|  0%| F|  |TAMS 0x0000000702e00000, 0x0000000702e00000| Untracked 
|  25|0x0000000702f00000, 0x0000000702f00000, 0x0000000703000000|  0%| F|  |TAMS 0x0000000702f00000, 0x0000000702f00000| Untracked 
|  26|0x0000000703000000, 0x0000000703000000, 0x0000000703100000|  0%| F|  |TAMS 0x0000000703000000, 0x0000000703000000| Untracked 
|  27|0x0000000703100000, 0x0000000703100000, 0x0000000703200000|  0%| F|  |TAMS 0x0000000703100000, 0x0000000703100000| Untracked 
|  28|0x0000000703200000, 0x0000000703200000, 0x0000000703300000|  0%| F|  |TAMS 0x0000000703200000, 0x0000000703200000| Untracked 
|  29|0x0000000703300000, 0x0000000703300000, 0x0000000703400000|  0%| F|  |TAMS 0x0000000703300000, 0x0000000703300000| Untracked 
|  30|0x0000000703400000, 0x0000000703400000, 0x0000000703500000|  0%| F|  |TAMS 0x0000000703400000, 0x0000000703400000| Untracked 
|  31|0x0000000703500000, 0x0000000703500000, 0x0000000703600000|  0%| F|  |TAMS 0x0000000703500000, 0x0000000703500000| Untracked 
|  32|0x0000000703600000, 0x0000000703600000, 0x0000000703700000|  0%| F|  |TAMS 0x0000000703600000, 0x0000000703600000| Untracked 
|  33|0x0000000703700000, 0x0000000703700000, 0x0000000703800000|  0%| F|  |TAMS 0x0000000703700000, 0x0000000703700000| Untracked 
|  34|0x0000000703800000, 0x0000000703800000, 0x0000000703900000|  0%| F|  |TAMS 0x0000000703800000, 0x0000000703800000| Untracked 
|  35|0x0000000703900000, 0x0000000703900000, 0x0000000703a00000|  0%| F|  |TAMS 0x0000000703900000, 0x0000000703900000| Untracked 
|  36|0x0000000703a00000, 0x0000000703a00000, 0x0000000703b00000|  0%| F|  |TAMS 0x0000000703a00000, 0x0000000703a00000| Untracked 
|  37|0x0000000703b00000, 0x0000000703b00000, 0x0000000703c00000|  0%| F|  |TAMS 0x0000000703b00000, 0x0000000703b00000| Untracked 
|  38|0x0000000703c00000, 0x0000000703c00000, 0x0000000703d00000|  0%| F|  |TAMS 0x0000000703c00000, 0x0000000703c00000| Untracked 
|  39|0x0000000703d00000, 0x0000000703d00000, 0x0000000703e00000|  0%| F|  |TAMS 0x0000000703d00000, 0x0000000703d00000| Untracked 
|  40|0x0000000703e00000, 0x0000000703e00000, 0x0000000703f00000|  0%| F|  |TAMS 0x0000000703e00000, 0x0000000703e00000| Untracked 
|  41|0x0000000703f00000, 0x0000000703f00000, 0x0000000704000000|  0%| F|  |TAMS 0x0000000703f00000, 0x0000000703f00000| Untracked 
|  42|0x0000000704000000, 0x0000000704000000, 0x0000000704100000|  0%| F|  |TAMS 0x0000000704000000, 0x0000000704000000| Untracked 
|  43|0x0000000704100000, 0x0000000704100000, 0x0000000704200000|  0%| F|  |TAMS 0x0000000704100000, 0x0000000704100000| Untracked 
|  44|0x0000000704200000, 0x0000000704200000, 0x0000000704300000|  0%| F|  |TAMS 0x0000000704200000, 0x0000000704200000| Untracked 
|  45|0x0000000704300000, 0x0000000704300000, 0x0000000704400000|  0%| F|  |TAMS 0x0000000704300000, 0x0000000704300000| Untracked 
|  46|0x0000000704400000, 0x0000000704400000, 0x0000000704500000|  0%| F|  |TAMS 0x0000000704400000, 0x0000000704400000| Untracked 
|  47|0x0000000704500000, 0x0000000704500000, 0x0000000704600000|  0%| F|  |TAMS 0x0000000704500000, 0x0000000704500000| Untracked 
|  48|0x0000000704600000, 0x0000000704600000, 0x0000000704700000|  0%| F|  |TAMS 0x0000000704600000, 0x0000000704600000| Untracked 
|  49|0x0000000704700000, 0x0000000704700000, 0x0000000704800000|  0%| F|  |TAMS 0x0000000704700000, 0x0000000704700000| Untracked 
|  50|0x0000000704800000, 0x0000000704800000, 0x0000000704900000|  0%| F|  |TAMS 0x0000000704800000, 0x0000000704800000| Untracked 
|  51|0x0000000704900000, 0x0000000704900000, 0x0000000704a00000|  0%| F|  |TAMS 0x0000000704900000, 0x0000000704900000| Untracked 
|  52|0x0000000704a00000, 0x0000000704a00000, 0x0000000704b00000|  0%| F|  |TAMS 0x0000000704a00000, 0x0000000704a00000| Untracked 
|  53|0x0000000704b00000, 0x0000000704b00000, 0x0000000704c00000|  0%| F|  |TAMS 0x0000000704b00000, 0x0000000704b00000| Untracked 
|  54|0x0000000704c00000, 0x0000000704c00000, 0x0000000704d00000|  0%| F|  |TAMS 0x0000000704c00000, 0x0000000704c00000| Untracked 
|  55|0x0000000704d00000, 0x0000000704d00000, 0x0000000704e00000|  0%| F|  |TAMS 0x0000000704d00000, 0x0000000704d00000| Untracked 
|  56|0x0000000704e00000, 0x0000000704e00000, 0x0000000704f00000|  0%| F|  |TAMS 0x0000000704e00000, 0x0000000704e00000| Untracked 
|  57|0x0000000704f00000, 0x0000000704f00000, 0x0000000705000000|  0%| F|  |TAMS 0x0000000704f00000, 0x0000000704f00000| Untracked 
|  58|0x0000000705000000, 0x0000000705000000, 0x0000000705100000|  0%| F|  |TAMS 0x0000000705000000, 0x0000000705000000| Untracked 
|  59|0x0000000705100000, 0x0000000705100000, 0x0000000705200000|  0%| F|  |TAMS 0x0000000705100000, 0x0000000705100000| Untracked 
|  60|0x0000000705200000, 0x0000000705200000, 0x0000000705300000|  0%| F|  |TAMS 0x0000000705200000, 0x0000000705200000| Untracked 
|  61|0x0000000705300000, 0x0000000705300000, 0x0000000705400000|  0%| F|  |TAMS 0x0000000705300000, 0x0000000705300000| Untracked 
|  62|0x0000000705400000, 0x0000000705400000, 0x0000000705500000|  0%| F|  |TAMS 0x0000000705400000, 0x0000000705400000| Untracked 
|  63|0x0000000705500000, 0x0000000705500000, 0x0000000705600000|  0%| F|  |TAMS 0x0000000705500000, 0x0000000705500000| Untracked 
|  64|0x0000000705600000, 0x0000000705600000, 0x0000000705700000|  0%| F|  |TAMS 0x0000000705600000, 0x0000000705600000| Untracked 
|  65|0x0000000705700000, 0x0000000705700000, 0x0000000705800000|  0%| F|  |TAMS 0x0000000705700000, 0x0000000705700000| Untracked 
|  66|0x0000000705800000, 0x0000000705800000, 0x0000000705900000|  0%| F|  |TAMS 0x0000000705800000, 0x0000000705800000| Untracked 
|  67|0x0000000705900000, 0x0000000705900000, 0x0000000705a00000|  0%| F|  |TAMS 0x0000000705900000, 0x0000000705900000| Untracked 
|  68|0x0000000705a00000, 0x0000000705a00000, 0x0000000705b00000|  0%| F|  |TAMS 0x0000000705a00000, 0x0000000705a00000| Untracked 
|  69|0x0000000705b00000, 0x0000000705b00000, 0x0000000705c00000|  0%| F|  |TAMS 0x0000000705b00000, 0x0000000705b00000| Untracked 
|  70|0x0000000705c00000, 0x0000000705c00000, 0x0000000705d00000|  0%| F|  |TAMS 0x0000000705c00000, 0x0000000705c00000| Untracked 
|  71|0x0000000705d00000, 0x0000000705d00000, 0x0000000705e00000|  0%| F|  |TAMS 0x0000000705d00000, 0x0000000705d00000| Untracked 
|  72|0x0000000705e00000, 0x0000000705e00000, 0x0000000705f00000|  0%| F|  |TAMS 0x0000000705e00000, 0x0000000705e00000| Untracked 
|  73|0x0000000705f00000, 0x0000000705f00000, 0x0000000706000000|  0%| F|  |TAMS 0x0000000705f00000, 0x0000000705f00000| Untracked 
|  74|0x0000000706000000, 0x0000000706000000, 0x0000000706100000|  0%| F|  |TAMS 0x0000000706000000, 0x0000000706000000| Untracked 
|  75|0x0000000706100000, 0x0000000706100000, 0x0000000706200000|  0%| F|  |TAMS 0x0000000706100000, 0x0000000706100000| Untracked 
|  76|0x0000000706200000, 0x0000000706200000, 0x0000000706300000|  0%| F|  |TAMS 0x0000000706200000, 0x0000000706200000| Untracked 
|  77|0x0000000706300000, 0x0000000706300000, 0x0000000706400000|  0%| F|  |TAMS 0x0000000706300000, 0x0000000706300000| Untracked 
|  78|0x0000000706400000, 0x0000000706400000, 0x0000000706500000|  0%| F|  |TAMS 0x0000000706400000, 0x0000000706400000| Untracked 
|  79|0x0000000706500000, 0x0000000706500000, 0x0000000706600000|  0%| F|  |TAMS 0x0000000706500000, 0x0000000706500000| Untracked 
|  80|0x0000000706600000, 0x0000000706600000, 0x0000000706700000|  0%| F|  |TAMS 0x0000000706600000, 0x0000000706600000| Untracked 
|  81|0x0000000706700000, 0x0000000706700000, 0x0000000706800000|  0%| F|  |TAMS 0x0000000706700000, 0x0000000706700000| Untracked 
|  82|0x0000000706800000, 0x0000000706800000, 0x0000000706900000|  0%| F|  |TAMS 0x0000000706800000, 0x0000000706800000| Untracked 
|  83|0x0000000706900000, 0x0000000706900000, 0x0000000706a00000|  0%| F|  |TAMS 0x0000000706900000, 0x0000000706900000| Untracked 
|  84|0x0000000706a00000, 0x0000000706a00000, 0x0000000706b00000|  0%| F|  |TAMS 0x0000000706a00000, 0x0000000706a00000| Untracked 
|  85|0x0000000706b00000, 0x0000000706b00000, 0x0000000706c00000|  0%| F|  |TAMS 0x0000000706b00000, 0x0000000706b00000| Untracked 
|  86|0x0000000706c00000, 0x0000000706c00000, 0x0000000706d00000|  0%| F|  |TAMS 0x0000000706c00000, 0x0000000706c00000| Untracked 
|  87|0x0000000706d00000, 0x0000000706d00000, 0x0000000706e00000|  0%| F|  |TAMS 0x0000000706d00000, 0x0000000706d00000| Untracked 
|  88|0x0000000706e00000, 0x0000000706e00000, 0x0000000706f00000|  0%| F|  |TAMS 0x0000000706e00000, 0x0000000706e00000| Untracked 
|  89|0x0000000706f00000, 0x0000000706f00000, 0x0000000707000000|  0%| F|  |TAMS 0x0000000706f00000, 0x0000000706f00000| Untracked 
|  90|0x0000000707000000, 0x0000000707000000, 0x0000000707100000|  0%| F|  |TAMS 0x0000000707000000, 0x0000000707000000| Untracked 
|  91|0x0000000707100000, 0x0000000707100000, 0x0000000707200000|  0%| F|  |TAMS 0x0000000707100000, 0x0000000707100000| Untracked 
|  92|0x0000000707200000, 0x0000000707200000, 0x0000000707300000|  0%| F|  |TAMS 0x0000000707200000, 0x0000000707200000| Untracked 
|  93|0x0000000707300000, 0x0000000707300000, 0x0000000707400000|  0%| F|  |TAMS 0x0000000707300000, 0x0000000707300000| Untracked 
|  94|0x0000000707400000, 0x0000000707400000, 0x0000000707500000|  0%| F|  |TAMS 0x0000000707400000, 0x0000000707400000| Untracked 
|  95|0x0000000707500000, 0x0000000707500000, 0x0000000707600000|  0%| F|  |TAMS 0x0000000707500000, 0x0000000707500000| Untracked 
|  96|0x0000000707600000, 0x0000000707600000, 0x0000000707700000|  0%| F|  |TAMS 0x0000000707600000, 0x0000000707600000| Untracked 
|  97|0x0000000707700000, 0x0000000707700000, 0x0000000707800000|  0%| F|  |TAMS 0x0000000707700000, 0x0000000707700000| Untracked 
|  98|0x0000000707800000, 0x0000000707800000, 0x0000000707900000|  0%| F|  |TAMS 0x0000000707800000, 0x0000000707800000| Untracked 
|  99|0x0000000707900000, 0x0000000707900000, 0x0000000707a00000|  0%| F|  |TAMS 0x0000000707900000, 0x0000000707900000| Untracked 
| 100|0x0000000707a00000, 0x0000000707a00000, 0x0000000707b00000|  0%| F|  |TAMS 0x0000000707a00000, 0x0000000707a00000| Untracked 
| 101|0x0000000707b00000, 0x0000000707b00000, 0x0000000707c00000|  0%| F|  |TAMS 0x0000000707b00000, 0x0000000707b00000| Untracked 
| 102|0x0000000707c00000, 0x0000000707c00000, 0x0000000707d00000|  0%| F|  |TAMS 0x0000000707c00000, 0x0000000707c00000| Untracked 
| 103|0x0000000707d00000, 0x0000000707d00000, 0x0000000707e00000|  0%| F|  |TAMS 0x0000000707d00000, 0x0000000707d00000| Untracked 
| 104|0x0000000707e00000, 0x0000000707e00000, 0x0000000707f00000|  0%| F|  |TAMS 0x0000000707e00000, 0x0000000707e00000| Untracked 
| 105|0x0000000707f00000, 0x0000000707f00000, 0x0000000708000000|  0%| F|  |TAMS 0x0000000707f00000, 0x0000000707f00000| Untracked 
| 106|0x0000000708000000, 0x0000000708000000, 0x0000000708100000|  0%| F|  |TAMS 0x0000000708000000, 0x0000000708000000| Untracked 
| 107|0x0000000708100000, 0x0000000708100000, 0x0000000708200000|  0%| F|  |TAMS 0x0000000708100000, 0x0000000708100000| Untracked 
| 108|0x0000000708200000, 0x0000000708200000, 0x0000000708300000|  0%| F|  |TAMS 0x0000000708200000, 0x0000000708200000| Untracked 
| 109|0x0000000708300000, 0x0000000708300000, 0x0000000708400000|  0%| F|  |TAMS 0x0000000708300000, 0x0000000708300000| Untracked 
| 110|0x0000000708400000, 0x0000000708400000, 0x0000000708500000|  0%| F|  |TAMS 0x0000000708400000, 0x0000000708400000| Untracked 
| 111|0x0000000708500000, 0x0000000708500000, 0x0000000708600000|  0%| F|  |TAMS 0x0000000708500000, 0x0000000708500000| Untracked 
| 112|0x0000000708600000, 0x0000000708600000, 0x0000000708700000|  0%| F|  |TAMS 0x0000000708600000, 0x0000000708600000| Untracked 
| 113|0x0000000708700000, 0x0000000708700000, 0x0000000708800000|  0%| F|  |TAMS 0x0000000708700000, 0x0000000708700000| Untracked 
| 114|0x0000000708800000, 0x0000000708800000, 0x0000000708900000|  0%| F|  |TAMS 0x0000000708800000, 0x0000000708800000| Untracked 
| 115|0x0000000708900000, 0x0000000708900000, 0x0000000708a00000|  0%| F|  |TAMS 0x0000000708900000, 0x0000000708900000| Untracked 
| 116|0x0000000708a00000, 0x0000000708a00000, 0x0000000708b00000|  0%| F|  |TAMS 0x0000000708a00000, 0x0000000708a00000| Untracked 
| 117|0x0000000708b00000, 0x0000000708b00000, 0x0000000708c00000|  0%| F|  |TAMS 0x0000000708b00000, 0x0000000708b00000| Untracked 
| 118|0x0000000708c00000, 0x0000000708c00000, 0x0000000708d00000|  0%| F|  |TAMS 0x0000000708c00000, 0x0000000708c00000| Untracked 
| 119|0x0000000708d00000, 0x0000000708d00000, 0x0000000708e00000|  0%| F|  |TAMS 0x0000000708d00000, 0x0000000708d00000| Untracked 
| 120|0x0000000708e00000, 0x0000000708e00000, 0x0000000708f00000|  0%| F|  |TAMS 0x0000000708e00000, 0x0000000708e00000| Untracked 
| 121|0x0000000708f00000, 0x0000000708f00000, 0x0000000709000000|  0%| F|  |TAMS 0x0000000708f00000, 0x0000000708f00000| Untracked 
| 122|0x0000000709000000, 0x0000000709000000, 0x0000000709100000|  0%| F|  |TAMS 0x0000000709000000, 0x0000000709000000| Untracked 
| 123|0x0000000709100000, 0x0000000709100000, 0x0000000709200000|  0%| F|  |TAMS 0x0000000709100000, 0x0000000709100000| Untracked 
| 124|0x0000000709200000, 0x0000000709200000, 0x0000000709300000|  0%| F|  |TAMS 0x0000000709200000, 0x0000000709200000| Untracked 
| 125|0x0000000709300000, 0x0000000709300000, 0x0000000709400000|  0%| F|  |TAMS 0x0000000709300000, 0x0000000709300000| Untracked 
| 126|0x0000000709400000, 0x0000000709400000, 0x0000000709500000|  0%| F|  |TAMS 0x0000000709400000, 0x0000000709400000| Untracked 
| 127|0x0000000709500000, 0x0000000709500000, 0x0000000709600000|  0%| F|  |TAMS 0x0000000709500000, 0x0000000709500000| Untracked 
| 128|0x0000000709600000, 0x0000000709600000, 0x0000000709700000|  0%| F|  |TAMS 0x0000000709600000, 0x0000000709600000| Untracked 
| 129|0x0000000709700000, 0x0000000709700000, 0x0000000709800000|  0%| F|  |TAMS 0x0000000709700000, 0x0000000709700000| Untracked 
| 130|0x0000000709800000, 0x0000000709800000, 0x0000000709900000|  0%| F|  |TAMS 0x0000000709800000, 0x0000000709800000| Untracked 
| 131|0x0000000709900000, 0x0000000709900000, 0x0000000709a00000|  0%| F|  |TAMS 0x0000000709900000, 0x0000000709900000| Untracked 
| 132|0x0000000709a00000, 0x0000000709a00000, 0x0000000709b00000|  0%| F|  |TAMS 0x0000000709a00000, 0x0000000709a00000| Untracked 
| 133|0x0000000709b00000, 0x0000000709b00000, 0x0000000709c00000|  0%| F|  |TAMS 0x0000000709b00000, 0x0000000709b00000| Untracked 
| 134|0x0000000709c00000, 0x0000000709c00000, 0x0000000709d00000|  0%| F|  |TAMS 0x0000000709c00000, 0x0000000709c00000| Untracked 
| 135|0x0000000709d00000, 0x0000000709d00000, 0x0000000709e00000|  0%| F|  |TAMS 0x0000000709d00000, 0x0000000709d00000| Untracked 
| 136|0x0000000709e00000, 0x0000000709e00000, 0x0000000709f00000|  0%| F|  |TAMS 0x0000000709e00000, 0x0000000709e00000| Untracked 
| 137|0x0000000709f00000, 0x0000000709f00000, 0x000000070a000000|  0%| F|  |TAMS 0x0000000709f00000, 0x0000000709f00000| Untracked 
| 138|0x000000070a000000, 0x000000070a000000, 0x000000070a100000|  0%| F|  |TAMS 0x000000070a000000, 0x000000070a000000| Untracked 
| 139|0x000000070a100000, 0x000000070a100000, 0x000000070a200000|  0%| F|  |TAMS 0x000000070a100000, 0x000000070a100000| Untracked 
| 140|0x000000070a200000, 0x000000070a200000, 0x000000070a300000|  0%| F|  |TAMS 0x000000070a200000, 0x000000070a200000| Untracked 
| 141|0x000000070a300000, 0x000000070a300000, 0x000000070a400000|  0%| F|  |TAMS 0x000000070a300000, 0x000000070a300000| Untracked 
| 142|0x000000070a400000, 0x000000070a400000, 0x000000070a500000|  0%| F|  |TAMS 0x000000070a400000, 0x000000070a400000| Untracked 
| 143|0x000000070a500000, 0x000000070a500000, 0x000000070a600000|  0%| F|  |TAMS 0x000000070a500000, 0x000000070a500000| Untracked 
| 144|0x000000070a600000, 0x000000070a600000, 0x000000070a700000|  0%| F|  |TAMS 0x000000070a600000, 0x000000070a600000| Untracked 
| 145|0x000000070a700000, 0x000000070a700000, 0x000000070a800000|  0%| F|  |TAMS 0x000000070a700000, 0x000000070a700000| Untracked 
| 146|0x000000070a800000, 0x000000070a800000, 0x000000070a900000|  0%| F|  |TAMS 0x000000070a800000, 0x000000070a800000| Untracked 
| 147|0x000000070a900000, 0x000000070a900000, 0x000000070aa00000|  0%| F|  |TAMS 0x000000070a900000, 0x000000070a900000| Untracked 
| 148|0x000000070aa00000, 0x000000070aa00000, 0x000000070ab00000|  0%| F|  |TAMS 0x000000070aa00000, 0x000000070aa00000| Untracked 
| 149|0x000000070ab00000, 0x000000070ab00000, 0x000000070ac00000|  0%| F|  |TAMS 0x000000070ab00000, 0x000000070ab00000| Untracked 
| 150|0x000000070ac00000, 0x000000070ac00000, 0x000000070ad00000|  0%| F|  |TAMS 0x000000070ac00000, 0x000000070ac00000| Untracked 
| 151|0x000000070ad00000, 0x000000070ad00000, 0x000000070ae00000|  0%| F|  |TAMS 0x000000070ad00000, 0x000000070ad00000| Untracked 
| 152|0x000000070ae00000, 0x000000070ae00000, 0x000000070af00000|  0%| F|  |TAMS 0x000000070ae00000, 0x000000070ae00000| Untracked 
| 153|0x000000070af00000, 0x000000070af00000, 0x000000070b000000|  0%| F|  |TAMS 0x000000070af00000, 0x000000070af00000| Untracked 
| 154|0x000000070b000000, 0x000000070b000000, 0x000000070b100000|  0%| F|  |TAMS 0x000000070b000000, 0x000000070b000000| Untracked 
| 155|0x000000070b100000, 0x000000070b100000, 0x000000070b200000|  0%| F|  |TAMS 0x000000070b100000, 0x000000070b100000| Untracked 
| 156|0x000000070b200000, 0x000000070b200000, 0x000000070b300000|  0%| F|  |TAMS 0x000000070b200000, 0x000000070b200000| Untracked 
| 157|0x000000070b300000, 0x000000070b300000, 0x000000070b400000|  0%| F|  |TAMS 0x000000070b300000, 0x000000070b300000| Untracked 
| 158|0x000000070b400000, 0x000000070b400000, 0x000000070b500000|  0%| F|  |TAMS 0x000000070b400000, 0x000000070b400000| Untracked 
| 159|0x000000070b500000, 0x000000070b500000, 0x000000070b600000|  0%| F|  |TAMS 0x000000070b500000, 0x000000070b500000| Untracked 
| 160|0x000000070b600000, 0x000000070b600000, 0x000000070b700000|  0%| F|  |TAMS 0x000000070b600000, 0x000000070b600000| Untracked 
| 161|0x000000070b700000, 0x000000070b700000, 0x000000070b800000|  0%| F|  |TAMS 0x000000070b700000, 0x000000070b700000| Untracked 
| 162|0x000000070b800000, 0x000000070b800000, 0x000000070b900000|  0%| F|  |TAMS 0x000000070b800000, 0x000000070b800000| Untracked 
| 163|0x000000070b900000, 0x000000070b900000, 0x000000070ba00000|  0%| F|  |TAMS 0x000000070b900000, 0x000000070b900000| Untracked 
| 164|0x000000070ba00000, 0x000000070ba00000, 0x000000070bb00000|  0%| F|  |TAMS 0x000000070ba00000, 0x000000070ba00000| Untracked 
| 165|0x000000070bb00000, 0x000000070bb00000, 0x000000070bc00000|  0%| F|  |TAMS 0x000000070bb00000, 0x000000070bb00000| Untracked 
| 166|0x000000070bc00000, 0x000000070bc00000, 0x000000070bd00000|  0%| F|  |TAMS 0x000000070bc00000, 0x000000070bc00000| Untracked 
| 167|0x000000070bd00000, 0x000000070bd00000, 0x000000070be00000|  0%| F|  |TAMS 0x000000070bd00000, 0x000000070bd00000| Untracked 
| 168|0x000000070be00000, 0x000000070be00000, 0x000000070bf00000|  0%| F|  |TAMS 0x000000070be00000, 0x000000070be00000| Untracked 
| 169|0x000000070bf00000, 0x000000070bf00000, 0x000000070c000000|  0%| F|  |TAMS 0x000000070bf00000, 0x000000070bf00000| Untracked 
| 170|0x000000070c000000, 0x000000070c000000, 0x000000070c100000|  0%| F|  |TAMS 0x000000070c000000, 0x000000070c000000| Untracked 
| 171|0x000000070c100000, 0x000000070c100000, 0x000000070c200000|  0%| F|  |TAMS 0x000000070c100000, 0x000000070c100000| Untracked 
| 172|0x000000070c200000, 0x000000070c200000, 0x000000070c300000|  0%| F|  |TAMS 0x000000070c200000, 0x000000070c200000| Untracked 
| 173|0x000000070c300000, 0x000000070c300000, 0x000000070c400000|  0%| F|  |TAMS 0x000000070c300000, 0x000000070c300000| Untracked 
| 174|0x000000070c400000, 0x000000070c400000, 0x000000070c500000|  0%| F|  |TAMS 0x000000070c400000, 0x000000070c400000| Untracked 
| 175|0x000000070c500000, 0x000000070c500000, 0x000000070c600000|  0%| F|  |TAMS 0x000000070c500000, 0x000000070c500000| Untracked 
| 176|0x000000070c600000, 0x000000070c600000, 0x000000070c700000|  0%| F|  |TAMS 0x000000070c600000, 0x000000070c600000| Untracked 
| 177|0x000000070c700000, 0x000000070c700000, 0x000000070c800000|  0%| F|  |TAMS 0x000000070c700000, 0x000000070c700000| Untracked 
| 178|0x000000070c800000, 0x000000070c800000, 0x000000070c900000|  0%| F|  |TAMS 0x000000070c800000, 0x000000070c800000| Untracked 
| 179|0x000000070c900000, 0x000000070c900000, 0x000000070ca00000|  0%| F|  |TAMS 0x000000070c900000, 0x000000070c900000| Untracked 
| 180|0x000000070ca00000, 0x000000070ca00000, 0x000000070cb00000|  0%| F|  |TAMS 0x000000070ca00000, 0x000000070ca00000| Untracked 
| 181|0x000000070cb00000, 0x000000070cb00000, 0x000000070cc00000|  0%| F|  |TAMS 0x000000070cb00000, 0x000000070cb00000| Untracked 
| 182|0x000000070cc00000, 0x000000070cc00000, 0x000000070cd00000|  0%| F|  |TAMS 0x000000070cc00000, 0x000000070cc00000| Untracked 
| 183|0x000000070cd00000, 0x000000070cd00000, 0x000000070ce00000|  0%| F|  |TAMS 0x000000070cd00000, 0x000000070cd00000| Untracked 
| 184|0x000000070ce00000, 0x000000070ce00000, 0x000000070cf00000|  0%| F|  |TAMS 0x000000070ce00000, 0x000000070ce00000| Untracked 
| 185|0x000000070cf00000, 0x000000070cf00000, 0x000000070d000000|  0%| F|  |TAMS 0x000000070cf00000, 0x000000070cf00000| Untracked 
| 186|0x000000070d000000, 0x000000070d000000, 0x000000070d100000|  0%| F|  |TAMS 0x000000070d000000, 0x000000070d000000| Untracked 
| 187|0x000000070d100000, 0x000000070d100000, 0x000000070d200000|  0%| F|  |TAMS 0x000000070d100000, 0x000000070d100000| Untracked 
| 188|0x000000070d200000, 0x000000070d200000, 0x000000070d300000|  0%| F|  |TAMS 0x000000070d200000, 0x000000070d200000| Untracked 
| 189|0x000000070d300000, 0x000000070d300000, 0x000000070d400000|  0%| F|  |TAMS 0x000000070d300000, 0x000000070d300000| Untracked 
| 190|0x000000070d400000, 0x000000070d400000, 0x000000070d500000|  0%| F|  |TAMS 0x000000070d400000, 0x000000070d400000| Untracked 
| 191|0x000000070d500000, 0x000000070d500000, 0x000000070d600000|  0%| F|  |TAMS 0x000000070d500000, 0x000000070d500000| Untracked 
| 192|0x000000070d600000, 0x000000070d600000, 0x000000070d700000|  0%| F|  |TAMS 0x000000070d600000, 0x000000070d600000| Untracked 
| 193|0x000000070d700000, 0x000000070d700000, 0x000000070d800000|  0%| F|  |TAMS 0x000000070d700000, 0x000000070d700000| Untracked 
| 194|0x000000070d800000, 0x000000070d800000, 0x000000070d900000|  0%| F|  |TAMS 0x000000070d800000, 0x000000070d800000| Untracked 
| 195|0x000000070d900000, 0x000000070d900000, 0x000000070da00000|  0%| F|  |TAMS 0x000000070d900000, 0x000000070d900000| Untracked 
| 196|0x000000070da00000, 0x000000070da00000, 0x000000070db00000|  0%| F|  |TAMS 0x000000070da00000, 0x000000070da00000| Untracked 
| 197|0x000000070db00000, 0x000000070db00000, 0x000000070dc00000|  0%| F|  |TAMS 0x000000070db00000, 0x000000070db00000| Untracked 
| 198|0x000000070dc00000, 0x000000070dc00000, 0x000000070dd00000|  0%| F|  |TAMS 0x000000070dc00000, 0x000000070dc00000| Untracked 
| 199|0x000000070dd00000, 0x000000070dd00000, 0x000000070de00000|  0%| F|  |TAMS 0x000000070dd00000, 0x000000070dd00000| Untracked 
| 200|0x000000070de00000, 0x000000070de00000, 0x000000070df00000|  0%| F|  |TAMS 0x000000070de00000, 0x000000070de00000| Untracked 
| 201|0x000000070df00000, 0x000000070df00000, 0x000000070e000000|  0%| F|  |TAMS 0x000000070df00000, 0x000000070df00000| Untracked 
| 202|0x000000070e000000, 0x000000070e000000, 0x000000070e100000|  0%| F|  |TAMS 0x000000070e000000, 0x000000070e000000| Untracked 
| 203|0x000000070e100000, 0x000000070e100000, 0x000000070e200000|  0%| F|  |TAMS 0x000000070e100000, 0x000000070e100000| Untracked 
| 204|0x000000070e200000, 0x000000070e200000, 0x000000070e300000|  0%| F|  |TAMS 0x000000070e200000, 0x000000070e200000| Untracked 
| 205|0x000000070e300000, 0x000000070e300000, 0x000000070e400000|  0%| F|  |TAMS 0x000000070e300000, 0x000000070e300000| Untracked 
| 206|0x000000070e400000, 0x000000070e400000, 0x000000070e500000|  0%| F|  |TAMS 0x000000070e400000, 0x000000070e400000| Untracked 
| 207|0x000000070e500000, 0x000000070e500000, 0x000000070e600000|  0%| F|  |TAMS 0x000000070e500000, 0x000000070e500000| Untracked 
| 208|0x000000070e600000, 0x000000070e600000, 0x000000070e700000|  0%| F|  |TAMS 0x000000070e600000, 0x000000070e600000| Untracked 
| 209|0x000000070e700000, 0x000000070e700000, 0x000000070e800000|  0%| F|  |TAMS 0x000000070e700000, 0x000000070e700000| Untracked 
| 210|0x000000070e800000, 0x000000070e800000, 0x000000070e900000|  0%| F|  |TAMS 0x000000070e800000, 0x000000070e800000| Untracked 
| 211|0x000000070e900000, 0x000000070e900000, 0x000000070ea00000|  0%| F|  |TAMS 0x000000070e900000, 0x000000070e900000| Untracked 
| 212|0x000000070ea00000, 0x000000070ea00000, 0x000000070eb00000|  0%| F|  |TAMS 0x000000070ea00000, 0x000000070ea00000| Untracked 
| 213|0x000000070eb00000, 0x000000070eb00000, 0x000000070ec00000|  0%| F|  |TAMS 0x000000070eb00000, 0x000000070eb00000| Untracked 
| 214|0x000000070ec00000, 0x000000070ec00000, 0x000000070ed00000|  0%| F|  |TAMS 0x000000070ec00000, 0x000000070ec00000| Untracked 
| 215|0x000000070ed00000, 0x000000070ed00000, 0x000000070ee00000|  0%| F|  |TAMS 0x000000070ed00000, 0x000000070ed00000| Untracked 
| 216|0x000000070ee00000, 0x000000070ee00000, 0x000000070ef00000|  0%| F|  |TAMS 0x000000070ee00000, 0x000000070ee00000| Untracked 
| 217|0x000000070ef00000, 0x000000070ef00000, 0x000000070f000000|  0%| F|  |TAMS 0x000000070ef00000, 0x000000070ef00000| Untracked 
| 218|0x000000070f000000, 0x000000070f000000, 0x000000070f100000|  0%| F|  |TAMS 0x000000070f000000, 0x000000070f000000| Untracked 
| 219|0x000000070f100000, 0x000000070f100000, 0x000000070f200000|  0%| F|  |TAMS 0x000000070f100000, 0x000000070f100000| Untracked 
| 220|0x000000070f200000, 0x000000070f200000, 0x000000070f300000|  0%| F|  |TAMS 0x000000070f200000, 0x000000070f200000| Untracked 
| 221|0x000000070f300000, 0x000000070f300000, 0x000000070f400000|  0%| F|  |TAMS 0x000000070f300000, 0x000000070f300000| Untracked 
| 222|0x000000070f400000, 0x000000070f400000, 0x000000070f500000|  0%| F|  |TAMS 0x000000070f400000, 0x000000070f400000| Untracked 
| 223|0x000000070f500000, 0x000000070f500000, 0x000000070f600000|  0%| F|  |TAMS 0x000000070f500000, 0x000000070f500000| Untracked 
| 224|0x000000070f600000, 0x000000070f600000, 0x000000070f700000|  0%| F|  |TAMS 0x000000070f600000, 0x000000070f600000| Untracked 
| 225|0x000000070f700000, 0x000000070f700000, 0x000000070f800000|  0%| F|  |TAMS 0x000000070f700000, 0x000000070f700000| Untracked 
| 226|0x000000070f800000, 0x000000070f800000, 0x000000070f900000|  0%| F|  |TAMS 0x000000070f800000, 0x000000070f800000| Untracked 
| 227|0x000000070f900000, 0x000000070f900000, 0x000000070fa00000|  0%| F|  |TAMS 0x000000070f900000, 0x000000070f900000| Untracked 
| 228|0x000000070fa00000, 0x000000070fa00000, 0x000000070fb00000|  0%| F|  |TAMS 0x000000070fa00000, 0x000000070fa00000| Untracked 
| 229|0x000000070fb00000, 0x000000070fb00000, 0x000000070fc00000|  0%| F|  |TAMS 0x000000070fb00000, 0x000000070fb00000| Untracked 
| 230|0x000000070fc00000, 0x000000070fc00000, 0x000000070fd00000|  0%| F|  |TAMS 0x000000070fc00000, 0x000000070fc00000| Untracked 
| 231|0x000000070fd00000, 0x000000070fd00000, 0x000000070fe00000|  0%| F|  |TAMS 0x000000070fd00000, 0x000000070fd00000| Untracked 
| 232|0x000000070fe00000, 0x000000070fe00000, 0x000000070ff00000|  0%| F|  |TAMS 0x000000070fe00000, 0x000000070fe00000| Untracked 
| 233|0x000000070ff00000, 0x000000070ff00000, 0x0000000710000000|  0%| F|  |TAMS 0x000000070ff00000, 0x000000070ff00000| Untracked 
| 234|0x0000000710000000, 0x0000000710000000, 0x0000000710100000|  0%| F|  |TAMS 0x0000000710000000, 0x0000000710000000| Untracked 
| 235|0x0000000710100000, 0x0000000710100000, 0x0000000710200000|  0%| F|  |TAMS 0x0000000710100000, 0x0000000710100000| Untracked 
| 236|0x0000000710200000, 0x0000000710200000, 0x0000000710300000|  0%| F|  |TAMS 0x0000000710200000, 0x0000000710200000| Untracked 
| 237|0x0000000710300000, 0x0000000710300000, 0x0000000710400000|  0%| F|  |TAMS 0x0000000710300000, 0x0000000710300000| Untracked 
| 238|0x0000000710400000, 0x0000000710400000, 0x0000000710500000|  0%| F|  |TAMS 0x0000000710400000, 0x0000000710400000| Untracked 
| 239|0x0000000710500000, 0x0000000710500000, 0x0000000710600000|  0%| F|  |TAMS 0x0000000710500000, 0x0000000710500000| Untracked 
| 240|0x0000000710600000, 0x0000000710600000, 0x0000000710700000|  0%| F|  |TAMS 0x0000000710600000, 0x0000000710600000| Untracked 
| 241|0x0000000710700000, 0x0000000710700000, 0x0000000710800000|  0%| F|  |TAMS 0x0000000710700000, 0x0000000710700000| Untracked 
| 242|0x0000000710800000, 0x0000000710800000, 0x0000000710900000|  0%| F|  |TAMS 0x0000000710800000, 0x0000000710800000| Untracked 
| 243|0x0000000710900000, 0x0000000710900000, 0x0000000710a00000|  0%| F|  |TAMS 0x0000000710900000, 0x0000000710900000| Untracked 
| 244|0x0000000710a00000, 0x0000000710a00000, 0x0000000710b00000|  0%| F|  |TAMS 0x0000000710a00000, 0x0000000710a00000| Untracked 
| 245|0x0000000710b00000, 0x0000000710b00000, 0x0000000710c00000|  0%| F|  |TAMS 0x0000000710b00000, 0x0000000710b00000| Untracked 
| 246|0x0000000710c00000, 0x0000000710c00000, 0x0000000710d00000|  0%| F|  |TAMS 0x0000000710c00000, 0x0000000710c00000| Untracked 
| 247|0x0000000710d00000, 0x0000000710d00000, 0x0000000710e00000|  0%| F|  |TAMS 0x0000000710d00000, 0x0000000710d00000| Untracked 
| 248|0x0000000710e00000, 0x0000000710e4a218, 0x0000000710f00000| 28%| E|  |TAMS 0x0000000710e00000, 0x0000000710e00000| Complete 
| 249|0x0000000710f00000, 0x0000000711000000, 0x0000000711000000|100%| E|CS|TAMS 0x0000000710f00000, 0x0000000710f00000| Complete 
| 250|0x0000000711000000, 0x0000000711100000, 0x0000000711100000|100%| E|CS|TAMS 0x0000000711000000, 0x0000000711000000| Complete 
| 251|0x0000000711100000, 0x0000000711200000, 0x0000000711200000|100%| E|CS|TAMS 0x0000000711100000, 0x0000000711100000| Complete 
| 252|0x0000000711200000, 0x0000000711300000, 0x0000000711300000|100%| E|CS|TAMS 0x0000000711200000, 0x0000000711200000| Complete 
| 253|0x0000000711300000, 0x0000000711400000, 0x0000000711400000|100%| E|  |TAMS 0x0000000711300000, 0x0000000711300000| Complete 
| 254|0x0000000711400000, 0x0000000711500000, 0x0000000711500000|100%| E|CS|TAMS 0x0000000711400000, 0x0000000711400000| Complete 
| 255|0x0000000711500000, 0x0000000711600000, 0x0000000711600000|100%| E|CS|TAMS 0x0000000711500000, 0x0000000711500000| Complete 

Card table byte_map: [0x000001c3f2500000,0x000001c3f2d00000] _byte_map_base: 0x000001c3eecf5000

Marking Bits (Prev, Next): (CMBitMap*) 0x000001c3e77a2b58, (CMBitMap*) 0x000001c3e77a2b98
 Prev Bits: [0x000001c3f3500000, 0x000001c3f74a8000)
 Next Bits: [0x000001c3f74b0000, 0x000001c3fb458000)

Polling page: 0x000001c3e7820000

Metaspace:

Usage:
  Non-class:      5.35 MB capacity,     5.25 MB ( 98%) used,    93.39 KB (  2%) free+waste,     8.56 KB ( <1%) overhead. 
      Class:    600.00 KB capacity,   517.39 KB ( 86%) used,    77.36 KB ( 13%) free+waste,     5.25 KB ( <1%) overhead. 
       Both:      5.94 MB capacity,     5.76 MB ( 97%) used,   170.75 KB (  3%) free+waste,    13.81 KB ( <1%) overhead. 

Virtual space:
  Non-class space:        8.00 MB reserved,       5.50 MB ( 69%) committed 
      Class space:        1.00 GB reserved,     640.00 KB ( <1%) committed 
             Both:        1.01 GB reserved,       6.13 MB ( <1%) committed 

Chunk freelists:
   Non-Class:  25.00 KB
       Class:  8.00 KB
        Both:  33.00 KB

MaxMetaspaceSize: 17179869184.00 GB
CompressedClassSpaceSize: 1.00 GB

CodeHeap 'non-profiled nmethods': size=120000Kb used=239Kb max_used=239Kb free=119760Kb
 bounds [0x000001c387ad0000, 0x000001c387d40000, 0x000001c38f000000]
CodeHeap 'profiled nmethods': size=120000Kb used=1079Kb max_used=1079Kb free=118920Kb
 bounds [0x000001c3805a0000, 0x000001c380810000, 0x000001c387ad0000]
CodeHeap 'non-nmethods': size=5760Kb used=1311Kb max_used=1330Kb free=4448Kb
 bounds [0x000001c380000000, 0x000001c380270000, 0x000001c3805a0000]
 total_blobs=1353 nmethods=745 adapters=521
 compilation: enabled
              stopped_count=0, restarted_count=0
 full_count=0

Compilation events (20 events):
Event: 0.961 Thread 0x000001c3fdb1d000  735       3       java.lang.Character::charCount (12 bytes)
Event: 0.961 Thread 0x000001c3fdb1d000 nmethod 735 0x000001c3806aad10 code [0x000001c3806aaea0, 0x000001c3806aafd8]
Event: 0.961 Thread 0x000001c3fdb1d000  736       3       java.nio.HeapCharBuffer::ix (7 bytes)
Event: 0.961 Thread 0x000001c3fdb1d000 nmethod 736 0x000001c3806ab090 code [0x000001c3806ab220, 0x000001c3806ab338]
Event: 0.961 Thread 0x000001c3fdb1d000  737       3       java.nio.CharBuffer::charAt (16 bytes)
Event: 0.961 Thread 0x000001c3fdb1d000 nmethod 737 0x000001c3806ab410 code [0x000001c3806ab5e0, 0x000001c3806ab938]
Event: 0.961 Thread 0x000001c3fdb1d000  739       3       java.nio.HeapCharBuffer::get (19 bytes)
Event: 0.962 Thread 0x000001c3fdb1d000 nmethod 739 0x000001c3806aba90 code [0x000001c3806abc60, 0x000001c3806abfc8]
Event: 0.962 Thread 0x000001c3fdb1d000  740       3       java.lang.Character::isHighSurrogate (18 bytes)
Event: 0.962 Thread 0x000001c3fdb1d000 nmethod 740 0x000001c3806ac190 code [0x000001c3806ac320, 0x000001c3806ac498]
Event: 0.962 Thread 0x000001c3fdb1d000  741       3       java.lang.Character::codePointAt (51 bytes)
Event: 0.962 Thread 0x000001c3fdb1d000 nmethod 741 0x000001c3806ac510 code [0x000001c3806ac700, 0x000001c3806acd88]
Event: 0.962 Thread 0x000001c3fdb1d000  743       3       java.lang.String::getBytes (44 bytes)
Event: 0.962 Thread 0x000001c38f902800  744       4       java.nio.Buffer::position (55 bytes)
Event: 0.963 Thread 0x000001c3fdb1d000 nmethod 743 0x000001c3806acf10 code [0x000001c3806ad0e0, 0x000001c3806ad458]
Event: 0.963 Thread 0x000001c3fdb1d000  738       3       java.util.regex.Pattern$$Lambda$36/0x0000000800bb3440::is (5 bytes)
Event: 0.963 Thread 0x000001c3fdb1d000 nmethod 738 0x000001c3806ad610 code [0x000001c3806ad7c0, 0x000001c3806ada58]
Event: 0.963 Thread 0x000001c3fdb1d000  742       3       java.util.regex.Pattern::lambda$DOT$4 (34 bytes)
Event: 0.963 Thread 0x000001c3fdb1d000 nmethod 742 0x000001c3806adb10 code [0x000001c3806adca0, 0x000001c3806ade98]
Event: 0.963 Thread 0x000001c38f902800 nmethod 744 0x000001c387b09690 code [0x000001c387b09840, 0x000001c387b09958]

GC Heap History (0 events):
No events

Deoptimization events (8 events):
Event: 0.093 Thread 0x000001c3e773a000 Uncommon trap: trap_request=0xffffff45 fr.pc=0x000001c387ad47a4 relative=0x00000000000001c4
Event: 0.093 Thread 0x000001c3e773a000 Uncommon trap: reason=unstable_if action=reinterpret pc=0x000001c387ad47a4 method=java.lang.String.hashCode()I @ 42 c2
Event: 0.093 Thread 0x000001c3e773a000 DEOPT PACKING pc=0x000001c387ad47a4 sp=0x000000bf815fe440
Event: 0.093 Thread 0x000001c3e773a000 DEOPT UNPACKING pc=0x000001c38004912f sp=0x000000bf815fe3d8 mode 2
Event: 0.954 Thread 0x000001c3e773a000 Uncommon trap: trap_request=0xffffff45 fr.pc=0x000001c387b08834 relative=0x00000000000000f4
Event: 0.954 Thread 0x000001c3e773a000 Uncommon trap: reason=unstable_if action=reinterpret pc=0x000001c387b08834 method=java.lang.String.getBytes([BIB)V @ 5 c2
Event: 0.954 Thread 0x000001c3e773a000 DEOPT PACKING pc=0x000001c387b08834 sp=0x000000bf815fe520
Event: 0.954 Thread 0x000001c3e773a000 DEOPT UNPACKING pc=0x000001c38004912f sp=0x000000bf815fe4c8 mode 2

Classes unloaded (0 events):
No events

Classes redefined (0 events):
No events

Internal exceptions (6 events):
Event: 0.653 Thread 0x000001c3e773a000 Exception <a 'java/lang/ClassNotFoundException'{0x00000007111d0c08}: sun/awt/resources/spi/awtProvider> (0x00000007111d0c08) 
thrown [./open/src/hotspot/share/classfile/systemDictionary.cpp, line 226]
Event: 0.688 Thread 0x000001c3e773a000 Exception <a 'java/io/FileNotFoundException'{0x0000000711022430}> (0x0000000711022430) 
thrown [./open/src/hotspot/share/prims/jni.cpp, line 599]
Event: 0.701 Thread 0x000001c3e773a000 Exception <a 'java/io/FileNotFoundException'{0x0000000711048968}> (0x0000000711048968) 
thrown [./open/src/hotspot/share/prims/jni.cpp, line 599]
Event: 0.755 Thread 0x000001c3e773a000 Exception <a 'java/lang/NoSuchMethodError'{0x00000007110ab5c0}: 'java.lang.Object java.lang.invoke.DirectMethodHandle$Holder.invokeStaticInit(java.lang.Object, int, int, int, int)'> (0x00000007110ab5c0) 
thrown [./open/src/hotspot/share/interpreter/linkResolver.cpp, line 766]
Event: 0.819 Thread 0x000001c3e773a000 Exception <a 'java/lang/NoSuchMethodError'{0x00000007110e9b48}: 'java.lang.Object java.lang.invoke.DirectMethodHandle$Holder.invokeStaticInit(java.lang.Object, java.lang.Object, int, int, int, int)'> (0x00000007110e9b48) 
thrown [./open/src/hotspot/share/interpreter/linkResolver.cpp, line 766]
Event: 0.931 Thread 0x000001c3e773a000 Exception <a 'java/lang/NoSuchMethodError'{0x0000000710fad420}: 'int java.lang.invoke.DirectMethodHandle$Holder.invokeSpecialIFC(java.lang.Object, java.lang.Object, int)'> (0x0000000710fad420) 
thrown [./open/src/hotspot/share/interpreter/linkResolver.cpp, line 766]

Events (20 events):
Event: 0.944 loading class sun/text/resources/cldr/FormatData_en_US
Event: 0.944 loading class sun/text/resources/cldr/FormatData_en_US done
Event: 0.957 loading class java/util/regex/Pattern$Dollar
Event: 0.957 loading class java/util/regex/Pattern$Dollar done
Event: 0.957 loading class java/nio/channels/spi/AbstractInterruptibleChannel$1
Event: 0.958 loading class sun/nio/ch/Interruptible
Event: 0.958 loading class sun/nio/ch/Interruptible done
Event: 0.958 loading class java/nio/channels/spi/AbstractInterruptibleChannel$1 done
Event: 0.958 loading class sun/nio/ch/NativeThread
Event: 0.958 loading class sun/nio/ch/NativeThread done
Event: 0.958 loading class sun/nio/ch/Util
Event: 0.958 loading class sun/nio/ch/Util done
Event: 0.958 loading class sun/nio/ch/Util$1
Event: 0.958 loading class sun/nio/ch/Util$1 done
Event: 0.958 loading class sun/nio/ch/Util$BufferCache
Event: 0.958 loading class sun/nio/ch/Util$BufferCache done
Event: 0.959 loading class sun/nio/ch/IOStatus
Event: 0.959 loading class sun/nio/ch/IOStatus done
Event: 0.959 loading class java/util/regex/Matcher$ImmutableMatchResult
Event: 0.959 loading class java/util/regex/Matcher$ImmutableMatchResult done


Dynamic libraries:
0x00007ff7237c0000 - 0x00007ff7237cf000 	C:\Program Files\Java\jdk-14.0.2\bin\javaw.exe
0x00007ff894b50000 - 0x00007ff894d45000 	C:\WINDOWS\SYSTEM32\ntdll.dll
0x00007ff893890000 - 0x00007ff89394d000 	C:\WINDOWS\System32\KERNEL32.DLL
0x00007ff8928e0000 - 0x00007ff892ba9000 	C:\WINDOWS\System32\KERNELBASE.dll
0x00007ff8922b0000 - 0x00007ff8923b0000 	C:\WINDOWS\System32\ucrtbase.dll
0x00007ff88d8f0000 - 0x00007ff88d905000 	C:\Program Files\Java\jdk-14.0.2\bin\VCRUNTIME140.dll
0x00007ff88bda0000 - 0x00007ff88bdb8000 	C:\Program Files\Java\jdk-14.0.2\bin\jli.dll
0x00007ff893950000 - 0x00007ff8939fc000 	C:\WINDOWS\System32\ADVAPI32.dll
0x00007ff892f40000 - 0x00007ff892fde000 	C:\WINDOWS\System32\msvcrt.dll
0x00007ff893cd0000 - 0x00007ff893d6b000 	C:\WINDOWS\System32\sechost.dll
0x00007ff8932a0000 - 0x00007ff8933ca000 	C:\WINDOWS\System32\RPCRT4.dll
0x00007ff8934b0000 - 0x00007ff893650000 	C:\WINDOWS\System32\USER32.dll
0x00007ff87a0e0000 - 0x00007ff87a37a000 	C:\WINDOWS\WinSxS\amd64_microsoft.windows.common-controls_6595b64144ccf1df_6.0.19041.1110_none_60b5254171f9507e\COMCTL32.dll
0x00007ff892860000 - 0x00007ff892882000 	C:\WINDOWS\System32\win32u.dll
0x00007ff893720000 - 0x00007ff89374a000 	C:\WINDOWS\System32\GDI32.dll
0x00007ff892750000 - 0x00007ff89285b000 	C:\WINDOWS\System32\gdi32full.dll
0x00007ff892570000 - 0x00007ff89260d000 	C:\WINDOWS\System32\msvcp_win.dll
0x00007ff885360000 - 0x00007ff88536a000 	C:\WINDOWS\SYSTEM32\VERSION.dll
0x00007ff892bb0000 - 0x00007ff892be0000 	C:\WINDOWS\System32\IMM32.DLL
0x00007ff87db60000 - 0x00007ff87dbfb000 	C:\Program Files\Java\jdk-14.0.2\bin\msvcp140.dll
0x00007ff835930000 - 0x00007ff83644e000 	C:\Program Files\Java\jdk-14.0.2\bin\server\jvm.dll
0x00007ff8934a0000 - 0x00007ff8934a8000 	C:\WINDOWS\System32\PSAPI.DLL
0x00007ff88d8d0000 - 0x00007ff88d8d9000 	C:\WINDOWS\SYSTEM32\WSOCK32.dll
0x00007ff893dd0000 - 0x00007ff893e3b000 	C:\WINDOWS\System32\WS2_32.dll
0x00007ff878dc0000 - 0x00007ff878de7000 	C:\WINDOWS\SYSTEM32\WINMM.dll
0x00007ff890b10000 - 0x00007ff890b22000 	C:\WINDOWS\SYSTEM32\kernel.appcore.dll
0x00007ff88d4e0000 - 0x00007ff88d4ea000 	C:\Program Files\Java\jdk-14.0.2\bin\jimage.dll
0x00007ff88afa0000 - 0x00007ff88b184000 	C:\WINDOWS\SYSTEM32\DBGHELP.DLL
0x00007ff88abf0000 - 0x00007ff88ac1c000 	C:\WINDOWS\SYSTEM32\dbgcore.DLL
0x00007ff892610000 - 0x00007ff892693000 	C:\WINDOWS\System32\bcryptPrimitives.dll
0x00007ff88c6b0000 - 0x00007ff88c6d5000 	C:\Program Files\Java\jdk-14.0.2\bin\java.dll
0x00007ff88c9d0000 - 0x00007ff88c9e6000 	C:\Program Files\Java\jdk-14.0.2\bin\zip.dll
0x00007ff894370000 - 0x00007ff894aaf000 	C:\WINDOWS\System32\SHELL32.dll
0x00007ff890170000 - 0x00007ff890900000 	C:\WINDOWS\SYSTEM32\windows.storage.dll
0x00007ff892be0000 - 0x00007ff892f35000 	C:\WINDOWS\System32\combase.dll
0x00007ff891ce0000 - 0x00007ff891d0c000 	C:\WINDOWS\SYSTEM32\Wldp.dll
0x00007ff893650000 - 0x00007ff8936fe000 	C:\WINDOWS\System32\SHCORE.dll
0x00007ff8937b0000 - 0x00007ff893805000 	C:\WINDOWS\System32\shlwapi.dll
0x00007ff8921c0000 - 0x00007ff8921df000 	C:\WINDOWS\SYSTEM32\profapi.dll
0x00007ff88bc40000 - 0x00007ff88bc59000 	C:\Program Files\Java\jdk-14.0.2\bin\net.dll
0x00007ff8886c0000 - 0x00007ff8887c8000 	C:\WINDOWS\SYSTEM32\WINHTTP.dll
0x00007ff891a40000 - 0x00007ff891aaa000 	C:\WINDOWS\system32\mswsock.dll
0x00007ff88bbb0000 - 0x00007ff88bbc2000 	C:\Program Files\Java\jdk-14.0.2\bin\nio.dll
0x00007ff88d3e0000 - 0x00007ff88d3f0000 	C:\Program Files\Java\jdk-14.0.2\bin\verify.dll
0x0000000180000000 - 0x0000000180053000 	D:\LWJGL293\lwjgl-2.9.3\native\windows\lwjgl64.dll
0x00007ff86c820000 - 0x00007ff86c945000 	C:\WINDOWS\SYSTEM32\OPENGL32.dll
0x00007ff86c7b0000 - 0x00007ff86c7dc000 	C:\WINDOWS\SYSTEM32\GLU32.dll
0x00007ff88d950000 - 0x00007ff88d9fe000 	C:\WINDOWS\SYSTEM32\mscms.dll
0x00007ff892180000 - 0x00007ff8921ae000 	C:\WINDOWS\SYSTEM32\USERENV.dll
0x00007ff88d860000 - 0x00007ff88d871000 	C:\WINDOWS\SYSTEM32\ColorAdapterClient.dll
0x00007ff8933d0000 - 0x00007ff89349d000 	C:\WINDOWS\System32\OLEAUT32.dll
0x00007ff893e40000 - 0x00007ff893ee9000 	C:\WINDOWS\System32\clbcatq.dll
0x00007ff8838b0000 - 0x00007ff8838f4000 	C:\Windows\System32\Windows.Internal.Graphics.Display.DisplayColorManagement.dll
0x00007ff892890000 - 0x00007ff8928de000 	C:\WINDOWS\System32\cfgmgr32.dll
0x00007ff88f970000 - 0x00007ff88fa0e000 	C:\WINDOWS\system32\uxtheme.dll
0x00007ff893a00000 - 0x00007ff893b15000 	C:\WINDOWS\System32\MSCTF.dll
0x00007ff88bde0000 - 0x00007ff88bed9000 	C:\Windows\System32\AppXDeploymentClient.dll
0x00007ff861a40000 - 0x00007ff862271000 	C:\WINDOWS\SYSTEM32\ig7icd64.dll
0x00007ff882d10000 - 0x00007ff883175000 	C:\WINDOWS\SYSTEM32\igdusc64.dll
0x00007ff88cd80000 - 0x00007ff88cd94000 	C:\WINDOWS\SYSTEM32\WTSAPI32.dll
0x00007ff88fb90000 - 0x00007ff88fbbf000 	C:\WINDOWS\SYSTEM32\dwmapi.dll
0x00007ff886eb0000 - 0x00007ff886fa9000 	C:\WINDOWS\SYSTEM32\textinputframework.dll
0x00007ff88f240000 - 0x00007ff88f59e000 	C:\WINDOWS\System32\CoreUIComponents.dll
0x00007ff890f80000 - 0x00007ff890fb3000 	C:\WINDOWS\SYSTEM32\ntmarta.dll
0x00007ff88f5a0000 - 0x00007ff88f692000 	C:\WINDOWS\System32\CoreMessaging.dll
0x00007ff88eb70000 - 0x00007ff88ecc4000 	C:\WINDOWS\SYSTEM32\wintypes.dll
0x00007ff839d30000 - 0x00007ff839d73000 	C:\WINDOWS\SYSTEM32\icm32.dll
0x00007ff891850000 - 0x00007ff89189b000 	C:\WINDOWS\SYSTEM32\powrprof.dll
0x00007ff8916c0000 - 0x00007ff8916d2000 	C:\WINDOWS\SYSTEM32\UMPDC.dll
0x00007ff890b80000 - 0x00007ff890c74000 	C:\WINDOWS\SYSTEM32\dxgi.dll
0x00007ff88e340000 - 0x00007ff88e5a4000 	C:\WINDOWS\SYSTEM32\d3d11.dll
0x00007ff883900000 - 0x00007ff8844a2000 	C:\WINDOWS\SYSTEM32\igd10iumd64.dll
0x00007ff892280000 - 0x00007ff8922a7000 	C:\WINDOWS\System32\bcrypt.dll
0x00007ff893170000 - 0x00007ff89329a000 	C:\WINDOWS\System32\ole32.dll
0x00007ff891d50000 - 0x00007ff891d77000 	C:\WINDOWS\SYSTEM32\ncrypt.dll
0x00007ff891d10000 - 0x00007ff891d4b000 	C:\WINDOWS\SYSTEM32\NTASN1.dll
0x00007ff88c1f0000 - 0x00007ff88c22b000 	C:\WINDOWS\SYSTEM32\dxcore.dll
0x00007ff866920000 - 0x00007ff866ab9000 	C:\Program Files\Java\jdk-14.0.2\bin\awt.dll
0x00007ff88f7d0000 - 0x00007ff88f860000 	C:\WINDOWS\SYSTEM32\apphelp.dll
0x00007ff891c40000 - 0x00007ff891c58000 	C:\WINDOWS\SYSTEM32\CRYPTSP.dll
0x00007ff891350000 - 0x00007ff891384000 	C:\WINDOWS\system32\rsaenh.dll
0x00007ff891c30000 - 0x00007ff891c3c000 	C:\WINDOWS\SYSTEM32\CRYPTBASE.dll
0x00007ff8916e0000 - 0x00007ff89171b000 	C:\WINDOWS\SYSTEM32\IPHLPAPI.DLL
0x00007ff892fe0000 - 0x00007ff892fe8000 	C:\WINDOWS\System32\NSI.dll
0x00007ff889d40000 - 0x00007ff889d57000 	C:\WINDOWS\SYSTEM32\dhcpcsvc6.DLL
0x00007ff88a140000 - 0x00007ff88a15d000 	C:\WINDOWS\SYSTEM32\dhcpcsvc.DLL
0x00007ff891730000 - 0x00007ff8917fc000 	C:\WINDOWS\SYSTEM32\DNSAPI.dll

dbghelp: loaded successfully - version: 4.0.5 - missing functions: none
symbol engine: initialized successfully - sym options: 0x614 - pdb path: .;C:\Program Files\Java\jdk-14.0.2\bin;C:\WINDOWS\SYSTEM32;C:\WINDOWS\WinSxS\amd64_microsoft.windows.common-controls_6595b64144ccf1df_6.0.19041.1110_none_60b5254171f9507e;C:\Program Files\Java\jdk-14.0.2\bin\server;D:\LWJGL293\lwjgl-2.9.3\native\windows

VM Arguments:
jvm_args: -Djava.library.path=D:\LWJGL293\lwjgl-2.9.3\native\windows -Dfile.encoding=Cp1252 
java_command: me.pale.main.VoxelGame
java_class_path (initial): D:\repos\VoxelGame\VoxelGame\bin;D:\LWJGL293\lwjgl-2.9.3\jar\jinput.jar;D:\LWJGL293\lwjgl-2.9.3\jar\lwjgl_util.jar;D:\LWJGL293\lwjgl-2.9.3\jar\lwjgl.jar;D:\LWJGL293\slick-util.jar
Launcher Type: SUN_STANDARD

[Global flags]
     intx CICompilerCount                          = 3                                         {product} {ergonomic}
     uint ConcGCThreads                            = 1                                         {product} {ergonomic}
     uint G1ConcRefinementThreads                  = 4                                         {product} {ergonomic}
   size_t G1HeapRegionSize                         = 1048576                                   {product} {ergonomic}
    uintx GCDrainStackTargetSize                   = 64                                        {product} {ergonomic}
   size_t InitialHeapSize                          = 268435456                                 {product} {ergonomic}
   size_t MarkStackSize                            = 4194304                                   {product} {ergonomic}
   size_t MaxHeapSize                              = 4271898624                                {product} {ergonomic}
   size_t MaxNewSize                               = 2562719744                                {product} {ergonomic}
   size_t MinHeapDeltaBytes                        = 1048576                                   {product} {ergonomic}
   size_t MinHeapSize                              = 8388608                                   {product} {ergonomic}
    uintx NonNMethodCodeHeapSize                   = 5832780                                {pd product} {ergonomic}
    uintx NonProfiledCodeHeapSize                  = 122912730                              {pd product} {ergonomic}
    uintx ProfiledCodeHeapSize                     = 122912730                              {pd product} {ergonomic}
    uintx ReservedCodeCacheSize                    = 251658240                              {pd product} {ergonomic}
     bool SegmentedCodeCache                       = true                                      {product} {ergonomic}
   size_t SoftMaxHeapSize                          = 4271898624                             {manageable} {ergonomic}
     bool UseCompressedClassPointers               = true                                 {lp64_product} {ergonomic}
     bool UseCompressedOops                        = true                                 {lp64_product} {ergonomic}
     bool UseG1GC                                  = true                                      {product} {ergonomic}
     bool UseLargePagesIndividualAllocation        = false                                  {pd product} {ergonomic}

Logging:
Log output configuration:
 #0: stdout all=warning uptime,level,tags
 #1: stderr all=off uptime,level,tags

Environment Variables:
JAVA_HOME=C:\Program Files\Eclipse Foundation\jdk-8.0.302.8-hotspot\
_JAVA_OPTIONS= 
CLASSPATH=C:\Users\Gavin\Desktop\LWJGL293\lwjgl-2.9.3\jar\lwjgl.jar
PATH=C:/Program Files/Java/jdk-14.0.2/bin/server;C:/Program Files/Java/jdk-14.0.2/bin;C:\Program Files\Eclipse Foundation\jdk-8.0.302.8-hotspot\bin;C:\Program Files\Eclipse Foundation\jdk-16.0.2.7-hotspot\bin;C:\Program Files\Common Files\Oracle\Java\javapath;C:\Users\Gavin\Desktop\LWJGL293\lwjgl-2.9.3\native\windows;C:\Program Files (x86)\Razer\ChromaBroadcast\bin;C:\Program Files\Razer\ChromaBroadcast\bin;C:\Program Files (x86)\Common Files\Oracle\Java\javapath;C:\WINDOWS\system32;C:\WINDOWS;C:\WINDOWS\System32\Wbem;C:\WINDOWS\System32\WindowsPowerShell\v1.0\;C:\WINDOWS\System32\OpenSSH\;C:\WINDOWS\system32\config\systemprofile\AppData\Local\Microsoft\WindowsApps;C:\HaxeToolkit\haxe\;C:\HaxeToolkit\neko;C:\ProgramData\chocolatey\bin;C:\Program Files (x86)\dotnet\;C:\WINDOWS\system32;C:\WINDOWS;C:\WINDOWS\System32\Wbem;C:\WINDOWS\System32\WindowsPowerShell\v1.0\;C:\WINDOWS\System32\OpenSSH\;C:\Program Files\dotnet\;C:\Program Files\Microsoft SQL Server\130\Tools\Binn\;C:\Program Files\Microsoft SQL Server\Client SDK\ODBC\170\Tools\Binn\;C:\Program Files\Java\jre1.8.0_301\bin;D:\CMake\bin;D:\NuGET\bin;C:\Program Files\Mono\bin;D:\Program Files\Git\cmd;;C:\Users\Gavin\AppData\Local\Programs\Microsoft VS Code\bin;C:\Users\Gavin\.dotnet\tools;C:\WINDOWS\system32;
USERNAME=Gavin
OS=Windows_NT
PROCESSOR_IDENTIFIER=Intel64 Family 6 Model 58 Stepping 9, GenuineIntel



---------------  S Y S T E M  ---------------

OS: Windows 10 , 64 bit Build 19041 (10.0.19041.1151)
OS uptime: 30 days 23:05 hours

CPU:total 4 (initial active 4) (2 cores per cpu, 2 threads per core) family 6 model 58 stepping 9, cmov, cx8, fxsr, mmx, sse, sse2, sse3, ssse3, sse4.1, sse4.2, popcnt, avx, aes, clmul, erms, ht, tsc, tscinvbit, tscinv

Memory: 4k page, system-wide physical 16290M (6356M free)
TotalPageFile size 24926M (AvailPageFile size 8016M)
current process WorkingSet (physical memory assigned to process): 73M, peak: 73M
current process commit charge ("private bytes"): 370M, peak: 370M

vm_info: Java HotSpot(TM) 64-Bit Server VM (14.0.2+12-46) for windows-amd64 JRE (14.0.2+12-46), built on Jul  9 2020 00:35:52 by "mach5one" with MS VC++ 15.9 (VS2017)

END.
